[Fri Sep 02 11:21:25.828564 2022] [mpm_winnt:notice] [pid 3400:tid 408] AH00455: Apache/2.4.54 (Win64) PHP/8.1.9 configured -- resuming normal operations
[Fri Sep 02 11:21:25.829566 2022] [mpm_winnt:notice] [pid 3400:tid 408] AH00456: Apache Lounge VS16 Server built: Jun 22 2022 09:58:15
[Fri Sep 02 11:21:25.829566 2022] [core:notice] [pid 3400:tid 408] AH00094: Command line: 'C:\\Apache24\\bin\\httpd.exe -d C:/Apache24'
[Fri Sep 02 11:21:25.842565 2022] [mpm_winnt:notice] [pid 3400:tid 408] AH00418: Parent: Created child process 12372
[Fri Sep 02 11:21:26.199307 2022] [mpm_winnt:notice] [pid 12372:tid 420] AH00354: Child: Starting 64 worker threads.
[Fri Sep 02 12:01:56.508682 2022] [php:warn] [pid 12372:tid 1120] [client ::1:59551] PHP Warning:  Undefined array key "name" in C:\\localhost\\hello.php on line 14
[Fri Sep 02 12:01:57.555404 2022] [php:warn] [pid 12372:tid 1120] [client ::1:59551] PHP Warning:  Undefined array key "name" in C:\\localhost\\hello.php on line 14
[Fri Sep 02 12:51:57.333057 2022] [mpm_winnt:notice] [pid 3400:tid 408] AH00422: Parent: Received shutdown signal -- Shutting down the server.
[Fri Sep 02 12:51:59.355859 2022] [mpm_winnt:notice] [pid 12372:tid 420] AH00364: Child: All worker threads have exited.
[Fri Sep 02 12:51:59.397785 2022] [mpm_winnt:notice] [pid 3400:tid 408] AH00430: Parent: Child process 12372 exited successfully.
[Fri Sep 02 12:52:00.168481 2022] [mpm_winnt:notice] [pid 11328:tid 416] AH00455: Apache/2.4.54 (Win64) PHP/8.1.9 configured -- resuming normal operations
[Fri Sep 02 12:52:00.168481 2022] [mpm_winnt:notice] [pid 11328:tid 416] AH00456: Apache Lounge VS16 Server built: Jun 22 2022 09:58:15
[Fri Sep 02 12:52:00.168481 2022] [core:notice] [pid 11328:tid 416] AH00094: Command line: 'C:\\Apache24\\bin\\httpd.exe -d C:/Apache24'
[Fri Sep 02 12:52:00.180041 2022] [mpm_winnt:notice] [pid 11328:tid 416] AH00418: Parent: Created child process 8036
[Fri Sep 02 12:52:00.420083 2022] [mpm_winnt:notice] [pid 8036:tid 400] AH00354: Child: Starting 64 worker threads.
[Fri Sep 02 12:53:41.551918 2022] [mpm_winnt:notice] [pid 11328:tid 416] AH00422: Parent: Received shutdown signal -- Shutting down the server.
[Fri Sep 02 12:54:10.378352 2022] [mpm_winnt:notice] [pid 8036:tid 400] AH00364: Child: All worker threads have exited.
[Fri Sep 02 12:54:10.402877 2022] [mpm_winnt:notice] [pid 11328:tid 416] AH00430: Parent: Child process 8036 exited successfully.
[Fri Sep 02 12:54:11.159809 2022] [mpm_winnt:notice] [pid 8104:tid 384] AH00455: Apache/2.4.54 (Win64) PHP/8.1.9 configured -- resuming normal operations
[Fri Sep 02 12:54:11.160810 2022] [mpm_winnt:notice] [pid 8104:tid 384] AH00456: Apache Lounge VS16 Server built: Jun 22 2022 09:58:15
[Fri Sep 02 12:54:11.160810 2022] [core:notice] [pid 8104:tid 384] AH00094: Command line: 'C:\\Apache24\\bin\\httpd.exe -d C:/Apache24'
[Fri Sep 02 12:54:11.170811 2022] [mpm_winnt:notice] [pid 8104:tid 384] AH00418: Parent: Created child process 16640
[Fri Sep 02 12:54:11.422067 2022] [mpm_winnt:notice] [pid 16640:tid 420] AH00354: Child: Starting 64 worker threads.
[Fri Sep 02 12:55:29.384511 2022] [mpm_winnt:notice] [pid 8104:tid 384] AH00422: Parent: Received shutdown signal -- Shutting down the server.
[Fri Sep 02 12:55:59.394175 2022] [mpm_winnt:notice] [pid 8104:tid 384] AH00431: Parent: Forcing termination of child process 16640
[Fri Sep 02 12:55:59.812357 2022] [mpm_winnt:notice] [pid 11736:tid 404] AH00455: Apache/2.4.54 (Win64) PHP/8.1.9 configured -- resuming normal operations
[Fri Sep 02 12:55:59.812357 2022] [mpm_winnt:notice] [pid 11736:tid 404] AH00456: Apache Lounge VS16 Server built: Jun 22 2022 09:58:15
[Fri Sep 02 12:55:59.812357 2022] [core:notice] [pid 11736:tid 404] AH00094: Command line: 'C:\\Apache24\\bin\\httpd.exe -d C:/Apache24'
[Fri Sep 02 12:55:59.822353 2022] [mpm_winnt:notice] [pid 11736:tid 404] AH00418: Parent: Created child process 5564
[Fri Sep 02 12:56:00.068502 2022] [mpm_winnt:notice] [pid 5564:tid 404] AH00354: Child: Starting 64 worker threads.
[Fri Sep 02 12:57:06.283783 2022] [mpm_winnt:notice] [pid 11736:tid 404] AH00422: Parent: Received shutdown signal -- Shutting down the server.
[Fri Sep 02 12:57:35.172220 2022] [mpm_winnt:notice] [pid 5564:tid 404] AH00364: Child: All worker threads have exited.
[Fri Sep 02 12:57:35.198121 2022] [mpm_winnt:notice] [pid 11736:tid 404] AH00430: Parent: Child process 5564 exited successfully.
[Fri Sep 02 12:57:35.880709 2022] [mpm_winnt:notice] [pid 15296:tid 408] AH00455: Apache/2.4.54 (Win64) PHP/8.1.9 configured -- resuming normal operations
[Fri Sep 02 12:57:35.880709 2022] [mpm_winnt:notice] [pid 15296:tid 408] AH00456: Apache Lounge VS16 Server built: Jun 22 2022 09:58:15
[Fri Sep 02 12:57:35.880709 2022] [core:notice] [pid 15296:tid 408] AH00094: Command line: 'C:\\Apache24\\bin\\httpd.exe -d C:/Apache24'
[Fri Sep 02 12:57:35.891732 2022] [mpm_winnt:notice] [pid 15296:tid 408] AH00418: Parent: Created child process 10760
[Fri Sep 02 12:57:36.139479 2022] [mpm_winnt:notice] [pid 10760:tid 424] AH00354: Child: Starting 64 worker threads.
[Fri Sep 02 13:01:34.341846 2022] [mpm_winnt:notice] [pid 15296:tid 408] AH00422: Parent: Received shutdown signal -- Shutting down the server.
[Fri Sep 02 13:01:36.363004 2022] [mpm_winnt:notice] [pid 10760:tid 424] AH00364: Child: All worker threads have exited.
[Fri Sep 02 13:01:36.401917 2022] [mpm_winnt:notice] [pid 15296:tid 408] AH00430: Parent: Child process 10760 exited successfully.
[Fri Sep 02 13:01:37.134018 2022] [mpm_winnt:notice] [pid 12372:tid 384] AH00455: Apache/2.4.54 (Win64) PHP/8.1.9 configured -- resuming normal operations
[Fri Sep 02 13:01:37.134018 2022] [mpm_winnt:notice] [pid 12372:tid 384] AH00456: Apache Lounge VS16 Server built: Jun 22 2022 09:58:15
[Fri Sep 02 13:01:37.134018 2022] [core:notice] [pid 12372:tid 384] AH00094: Command line: 'C:\\Apache24\\bin\\httpd.exe -d C:/Apache24'
[Fri Sep 02 13:01:37.157027 2022] [mpm_winnt:notice] [pid 12372:tid 384] AH00418: Parent: Created child process 14508
[Fri Sep 02 13:01:37.517754 2022] [mpm_winnt:notice] [pid 14508:tid 468] AH00354: Child: Starting 64 worker threads.
[Fri Sep 02 14:30:04.074107 2022] [php:warn] [pid 14508:tid 1120] [client ::1:62758] PHP Warning:  Undefined array key "action" in C:\\localhost\\routes\\routing.php on line 2
[Fri Sep 02 14:30:17.822039 2022] [php:warn] [pid 14508:tid 1120] [client ::1:62760] PHP Warning:  Undefined array key "action" in C:\\localhost\\routes\\routing.php on line 2, referer: http://localhost/index.php
[Fri Sep 02 14:30:50.006608 2022] [php:warn] [pid 14508:tid 1116] [client ::1:62761] PHP Warning:  Undefined array key "action" in C:\\localhost\\routes\\routing.php on line 2, referer: http://localhost/index.php
[Fri Sep 02 14:31:10.265858 2022] [php:warn] [pid 14508:tid 1120] [client ::1:62762] PHP Warning:  Undefined array key "action" in C:\\localhost\\routes\\routing.php on line 2, referer: http://localhost/index.php
[Fri Sep 02 14:31:17.411984 2022] [php:warn] [pid 14508:tid 1120] [client ::1:62762] PHP Warning:  Undefined array key "action" in C:\\localhost\\routes\\routing.php on line 2, referer: http://localhost/
[Fri Sep 02 14:49:05.515225 2022] [php:warn] [pid 14508:tid 1116] [client ::1:62876] PHP Warning:  require_once(page404.php): Failed to open stream: No such file or directory in C:\\localhost\\routes\\routing.php on line 19, referer: http://localhost/
[Fri Sep 02 14:49:05.518222 2022] [php:error] [pid 14508:tid 1116] [client ::1:62876] PHP Fatal error:  Uncaught Error: Failed opening required 'page404.php' (include_path='.;C:\\php\\pear') in C:\\localhost\\routes\\routing.php:19\nStack trace:\n#0 {main}\n  thrown in C:\\localhost\\routes\\routing.php on line 19, referer: http://localhost/
[Fri Sep 02 14:54:22.014900 2022] [php:warn] [pid 14508:tid 1120] [client ::1:62919] PHP Warning:  require_once(./main.php): Failed to open stream: No such file or directory in C:\\localhost\\routes\\routing.php on line 10
[Fri Sep 02 14:54:22.014900 2022] [php:error] [pid 14508:tid 1120] [client ::1:62919] PHP Fatal error:  Uncaught Error: Failed opening required './main.php' (include_path='.;C:\\php\\pear') in C:\\localhost\\routes\\routing.php:10\nStack trace:\n#0 {main}\n  thrown in C:\\localhost\\routes\\routing.php on line 10
[Fri Sep 02 15:09:32.193299 2022] [php:warn] [pid 14508:tid 1120] [client ::1:63026] PHP Warning:  Undefined array key "name" in C:\\localhost\\hello.php on line 2, referer: http://localhost/creation
[Fri Sep 02 15:10:56.707615 2022] [php:warn] [pid 14508:tid 1116] [client ::1:63039] PHP Warning:  Undefined array key "name" in C:\\localhost\\hello.php on line 2, referer: http://localhost/creation
[Fri Sep 02 15:11:41.890530 2022] [php:warn] [pid 14508:tid 1116] [client ::1:63058] PHP Warning:  Undefined array key "name" in C:\\localhost\\hello.php on line 2, referer: http://localhost/creation
[Fri Sep 02 15:19:36.501407 2022] [mpm_winnt:notice] [pid 12372:tid 384] AH00422: Parent: Received shutdown signal -- Shutting down the server.
[Fri Sep 02 15:19:38.519620 2022] [mpm_winnt:notice] [pid 14508:tid 468] AH00364: Child: All worker threads have exited.
[Fri Sep 02 15:19:38.560627 2022] [mpm_winnt:notice] [pid 12372:tid 384] AH00430: Parent: Child process 14508 exited successfully.
[Fri Sep 02 15:19:39.322170 2022] [mpm_winnt:notice] [pid 6628:tid 400] AH00455: Apache/2.4.54 (Win64) PHP/8.1.9 configured -- resuming normal operations
[Fri Sep 02 15:19:39.323176 2022] [mpm_winnt:notice] [pid 6628:tid 400] AH00456: Apache Lounge VS16 Server built: Jun 22 2022 09:58:15
[Fri Sep 02 15:19:39.323176 2022] [core:notice] [pid 6628:tid 400] AH00094: Command line: 'C:\\Apache24\\bin\\httpd.exe -d C:/Apache24'
[Fri Sep 02 15:19:39.335311 2022] [mpm_winnt:notice] [pid 6628:tid 400] AH00418: Parent: Created child process 17180
[Fri Sep 02 15:19:39.583737 2022] [mpm_winnt:notice] [pid 17180:tid 416] AH00354: Child: Starting 64 worker threads.
[Fri Sep 02 15:43:31.409571 2022] [php:warn] [pid 17180:tid 1136] [client ::1:63191] PHP Warning:  Undefined array key "name" in C:\\localhost\\hello.php on line 2, referer: http://localhost/pages/creation.php
[Fri Sep 02 15:43:34.241983 2022] [php:error] [pid 17180:tid 1136] [client ::1:63191] PHP Fatal error:  Allowed memory size of 134217728 bytes exhausted (tried to allocate 20480 bytes) in C:\\localhost\\controllers\\conf_controller.php on line 21, referer: http://localhost/pages/creation.php
[Fri Sep 02 15:44:34.512244 2022] [php:warn] [pid 17180:tid 1136] [client ::1:63204] PHP Warning:  Undefined array key "name" in C:\\localhost\\hello.php on line 2, referer: http://localhost/pages/creation.php
[Fri Sep 02 15:44:37.761219 2022] [php:error] [pid 17180:tid 1136] [client ::1:63204] PHP Fatal error:  Allowed memory size of 134217728 bytes exhausted (tried to allocate 262144 bytes) in C:\\localhost\\controllers\\conf_controller.php on line 4, referer: http://localhost/pages/creation.php
[Fri Sep 02 15:44:56.143354 2022] [php:warn] [pid 17180:tid 1116] [client ::1:63207] PHP Warning:  Undefined array key "name" in C:\\localhost\\hello.php on line 2, referer: http://localhost/pages/creation.php
[Fri Sep 02 15:44:59.626964 2022] [php:error] [pid 17180:tid 1116] [client ::1:63207] PHP Fatal error:  Allowed memory size of 134217728 bytes exhausted (tried to allocate 8192 bytes) in C:\\localhost\\controllers\\conf_controller.php on line 21, referer: http://localhost/pages/creation.php
[Fri Sep 02 15:45:17.591479 2022] [php:warn] [pid 17180:tid 1116] [client ::1:63211] PHP Warning:  Undefined array key "name" in C:\\localhost\\hello.php on line 2, referer: http://localhost/pages/creation.php
[Fri Sep 02 15:46:49.232000 2022] [php:warn] [pid 17180:tid 1136] [client ::1:63218] PHP Warning:  Undefined array key "name" in C:\\localhost\\hello.php on line 2, referer: http://localhost/pages/creation.php
[Fri Sep 02 15:47:03.583984 2022] [php:warn] [pid 17180:tid 1116] [client ::1:63219] PHP Warning:  Undefined array key "name" in C:\\localhost\\hello.php on line 2, referer: http://localhost/pages/creation.php
[Fri Sep 02 15:47:03.597516 2022] [php:error] [pid 17180:tid 1116] [client ::1:63219] PHP Fatal error:  Uncaught Error: Class "data\\ConferenceData" not found in C:\\localhost\\controllers\\conf_controller.php:7\nStack trace:\n#0 {main}\n  thrown in C:\\localhost\\controllers\\conf_controller.php on line 7, referer: http://localhost/pages/creation.php
[Fri Sep 02 15:49:06.204733 2022] [php:warn] [pid 17180:tid 1116] [client ::1:63227] PHP Warning:  Undefined array key "name" in C:\\localhost\\hello.php on line 2, referer: http://localhost/pages/creation.php
[Fri Sep 02 15:49:06.211713 2022] [php:error] [pid 17180:tid 1116] [client ::1:63227] PHP Fatal error:  Uncaught Error: Class "data\\ConferenceData" not found in C:\\localhost\\controllers\\conf_controller.php:7\nStack trace:\n#0 {main}\n  thrown in C:\\localhost\\controllers\\conf_controller.php on line 7, referer: http://localhost/pages/creation.php
[Fri Sep 02 15:49:58.819761 2022] [php:warn] [pid 17180:tid 1116] [client ::1:63232] PHP Warning:  Undefined array key "name" in C:\\localhost\\hello.php on line 2, referer: http://localhost/pages/creation.php
[Fri Sep 02 15:49:58.825768 2022] [php:error] [pid 17180:tid 1116] [client ::1:63232] PHP Fatal error:  Uncaught Error: Class "ConferenceData" not found in C:\\localhost\\controllers\\conf_controller.php:7\nStack trace:\n#0 {main}\n  thrown in C:\\localhost\\controllers\\conf_controller.php on line 7, referer: http://localhost/pages/creation.php
[Fri Sep 02 15:51:31.629917 2022] [php:warn] [pid 17180:tid 1136] [client ::1:63251] PHP Warning:  include(welcome.php): Failed to open stream: No such file or directory in C:\\localhost\\index.php on line 2
[Fri Sep 02 15:51:31.629917 2022] [php:warn] [pid 17180:tid 1136] [client ::1:63251] PHP Warning:  include(): Failed opening 'welcome.php' for inclusion (include_path='.;C:\\php\\pear') in C:\\localhost\\index.php on line 2
[Fri Sep 02 15:51:31.629917 2022] [php:error] [pid 17180:tid 1136] [client ::1:63251] PHP Fatal error:  Uncaught Error: Call to undefined function welcome() in C:\\localhost\\index.php:5\nStack trace:\n#0 {main}\n  thrown in C:\\localhost\\index.php on line 5
[Fri Sep 02 15:52:15.773272 2022] [php:warn] [pid 17180:tid 1116] [client ::1:63252] PHP Warning:  include_once(welcome.php): Failed to open stream: No such file or directory in C:\\localhost\\index.php on line 2
[Fri Sep 02 15:52:15.773272 2022] [php:warn] [pid 17180:tid 1116] [client ::1:63252] PHP Warning:  include_once(): Failed opening 'welcome.php' for inclusion (include_path='.;C:\\php\\pear') in C:\\localhost\\index.php on line 2
[Fri Sep 02 15:52:15.773272 2022] [php:error] [pid 17180:tid 1116] [client ::1:63252] PHP Fatal error:  Uncaught Error: Call to undefined function welcome() in C:\\localhost\\index.php:5\nStack trace:\n#0 {main}\n  thrown in C:\\localhost\\index.php on line 5
[Fri Sep 02 15:53:31.062173 2022] [php:warn] [pid 17180:tid 1116] [client ::1:63256] PHP Warning:  Undefined variable $name in C:\\localhost\\controllers\\conf_controller.php on line 8
[Fri Sep 02 15:54:17.277009 2022] [php:warn] [pid 17180:tid 1116] [client ::1:63258] PHP Warning:  Undefined variable $conn in C:\\localhost\\models\\conference_data.php on line 66
[Fri Sep 02 15:54:17.277009 2022] [php:error] [pid 17180:tid 1116] [client ::1:63258] PHP Fatal error:  Uncaught Error: Call to a member function exec() on null in C:\\localhost\\models\\conference_data.php:66\nStack trace:\n#0 C:\\localhost\\controllers\\conf_controller.php(7): ConferenceData->create()\n#1 {main}\n  thrown in C:\\localhost\\models\\conference_data.php on line 66
[Fri Sep 02 15:55:43.955920 2022] [php:error] [pid 17180:tid 1136] [client ::1:63283] PHP Parse error:  syntax error, unexpected token "use", expecting "{" in C:\\localhost\\models\\conference_data.php on line 11
[Fri Sep 02 15:56:08.233223 2022] [php:error] [pid 17180:tid 1116] [client ::1:63284] PHP Parse error:  syntax error, unexpected token "use", expecting "{" in C:\\localhost\\models\\conference_data.php on line 11
[Fri Sep 02 15:56:08.917162 2022] [php:error] [pid 17180:tid 1116] [client ::1:63284] PHP Parse error:  syntax error, unexpected token "use", expecting "{" in C:\\localhost\\models\\conference_data.php on line 11
[Fri Sep 02 15:58:36.512849 2022] [php:error] [pid 17180:tid 1136] [client ::1:63295] PHP Parse error:  syntax error, unexpected variable "$conn", expecting "function" or "const" in C:\\localhost\\models\\conference_data.php on line 12
[Fri Sep 02 15:59:23.240277 2022] [php:error] [pid 17180:tid 1116] [client ::1:63296] PHP Fatal error:  New expressions are not supported in this context in C:\\localhost\\models\\conference_data.php on line 12
[Fri Sep 02 16:00:12.785176 2022] [php:error] [pid 17180:tid 1136] [client ::1:63297] PHP Fatal error:  Uncaught PDOException: SQLSTATE[42S22]: Column not found: 1054 Unknown column 'title' in 'field list' in C:\\localhost\\models\\conference_data.php:73\nStack trace:\n#0 C:\\localhost\\models\\conference_data.php(73): PDO->exec('INSERT INTO Use...')\n#1 C:\\localhost\\controllers\\conf_controller.php(7): ConferenceData->create()\n#2 {main}\n  thrown in C:\\localhost\\models\\conference_data.php on line 73
[Fri Sep 02 16:00:34.122319 2022] [php:error] [pid 17180:tid 1116] [client ::1:63299] PHP Fatal error:  Uncaught PDOException: SQLSTATE[42S22]: Column not found: 1054 Unknown column 'Title' in 'field list' in C:\\localhost\\models\\conference_data.php:73\nStack trace:\n#0 C:\\localhost\\models\\conference_data.php(73): PDO->exec('INSERT INTO Use...')\n#1 C:\\localhost\\controllers\\conf_controller.php(7): ConferenceData->create()\n#2 {main}\n  thrown in C:\\localhost\\models\\conference_data.php on line 73
[Fri Sep 02 16:00:34.839678 2022] [php:error] [pid 17180:tid 1116] [client ::1:63299] PHP Fatal error:  Uncaught PDOException: SQLSTATE[42S22]: Column not found: 1054 Unknown column 'Title' in 'field list' in C:\\localhost\\models\\conference_data.php:73\nStack trace:\n#0 C:\\localhost\\models\\conference_data.php(73): PDO->exec('INSERT INTO Use...')\n#1 C:\\localhost\\controllers\\conf_controller.php(7): ConferenceData->create()\n#2 {main}\n  thrown in C:\\localhost\\models\\conference_data.php on line 73
[Fri Sep 02 16:00:35.290892 2022] [php:error] [pid 17180:tid 1116] [client ::1:63299] PHP Fatal error:  Uncaught PDOException: SQLSTATE[42S22]: Column not found: 1054 Unknown column 'Title' in 'field list' in C:\\localhost\\models\\conference_data.php:73\nStack trace:\n#0 C:\\localhost\\models\\conference_data.php(73): PDO->exec('INSERT INTO Use...')\n#1 C:\\localhost\\controllers\\conf_controller.php(7): ConferenceData->create()\n#2 {main}\n  thrown in C:\\localhost\\models\\conference_data.php on line 73
[Fri Sep 02 16:01:05.063146 2022] [php:error] [pid 17180:tid 1136] [client ::1:63301] PHP Fatal error:  Uncaught PDOException: SQLSTATE[22007]: Invalid datetime format: 1292 Incorrect date value: '-2006' for column 'MeetingDate' at row 1 in C:\\localhost\\models\\conference_data.php:73\nStack trace:\n#0 C:\\localhost\\models\\conference_data.php(73): PDO->exec('INSERT INTO Con...')\n#1 C:\\localhost\\controllers\\conf_controller.php(7): ConferenceData->create()\n#2 {main}\n  thrown in C:\\localhost\\models\\conference_data.php on line 73
[Fri Sep 02 16:01:24.064246 2022] [php:error] [pid 17180:tid 1116] [client ::1:63306] PHP Fatal error:  Uncaught PDOException: SQLSTATE[22007]: Invalid datetime format: 1292 Incorrect date value: '21-05-2022' for column 'MeetingDate' at row 1 in C:\\localhost\\models\\conference_data.php:73\nStack trace:\n#0 C:\\localhost\\models\\conference_data.php(73): PDO->exec('INSERT INTO Con...')\n#1 C:\\localhost\\controllers\\conf_controller.php(7): ConferenceData->create()\n#2 {main}\n  thrown in C:\\localhost\\models\\conference_data.php on line 73
[Fri Sep 02 16:04:12.627839 2022] [php:error] [pid 17180:tid 1116] [client ::1:63335] PHP Fatal error:  New expressions are not supported in this context in C:\\localhost\\models\\conference_data.php on line 19
[Fri Sep 02 16:04:51.965615 2022] [php:error] [pid 17180:tid 1136] [client ::1:63336] PHP Fatal error:  New expressions are not supported in this context in C:\\localhost\\models\\conference_data.php on line 19
[Fri Sep 02 16:11:13.749367 2022] [php:error] [pid 17180:tid 1116] [client ::1:63368] PHP Parse error:  syntax error, unexpected token "return", expecting ";" or "{" in C:\\localhost\\models\\conference_data.php on line 23
[Fri Sep 02 16:11:59.216243 2022] [php:error] [pid 17180:tid 1136] [client ::1:63369] PHP Parse error:  syntax error, unexpected variable "$this", expecting ";" or "{" in C:\\localhost\\models\\conference_data.php on line 23
[Fri Sep 02 16:11:59.901564 2022] [php:error] [pid 17180:tid 1136] [client ::1:63369] PHP Parse error:  syntax error, unexpected variable "$this", expecting ";" or "{" in C:\\localhost\\models\\conference_data.php on line 23
[Fri Sep 02 16:12:00.157641 2022] [php:error] [pid 17180:tid 1136] [client ::1:63369] PHP Parse error:  syntax error, unexpected variable "$this", expecting ";" or "{" in C:\\localhost\\models\\conference_data.php on line 23
[Fri Sep 02 16:12:00.394909 2022] [php:error] [pid 17180:tid 1136] [client ::1:63369] PHP Parse error:  syntax error, unexpected variable "$this", expecting ";" or "{" in C:\\localhost\\models\\conference_data.php on line 23
[Fri Sep 02 16:14:06.560878 2022] [php:error] [pid 17180:tid 1136] [client ::1:63385] PHP Fatal error:  Uncaught Error: Class "data\\PDO" not found in C:\\localhost\\models\\conference_data.php:25\nStack trace:\n#0 C:\\localhost\\models\\conference_data.php(79): data\\ConferenceData->dbInfo()\n#1 C:\\localhost\\controllers\\conf_controller.php(7): data\\ConferenceData->create()\n#2 {main}\n  thrown in C:\\localhost\\models\\conference_data.php on line 25
[Fri Sep 02 16:14:30.366685 2022] [php:error] [pid 17180:tid 1116] [client ::1:63386] PHP Fatal error:  Uncaught Error: Class "data\\PDO" not found in C:\\localhost\\models\\conference_data.php:25\nStack trace:\n#0 C:\\localhost\\models\\conference_data.php(79): data\\ConferenceData->dbInfo()\n#1 C:\\localhost\\controllers\\conf_controller.php(7): data\\ConferenceData->create()\n#2 {main}\n  thrown in C:\\localhost\\models\\conference_data.php on line 25
[Fri Sep 02 16:14:30.974222 2022] [php:error] [pid 17180:tid 1116] [client ::1:63386] PHP Fatal error:  Uncaught Error: Class "data\\PDO" not found in C:\\localhost\\models\\conference_data.php:25\nStack trace:\n#0 C:\\localhost\\models\\conference_data.php(79): data\\ConferenceData->dbInfo()\n#1 C:\\localhost\\controllers\\conf_controller.php(7): data\\ConferenceData->create()\n#2 {main}\n  thrown in C:\\localhost\\models\\conference_data.php on line 25
[Fri Sep 02 16:16:47.686471 2022] [php:error] [pid 17180:tid 1136] [client ::1:63413] PHP Fatal error:  Uncaught Error: Class "data\\PDO" not found in C:\\localhost\\models\\conference_data.php:79\nStack trace:\n#0 C:\\localhost\\controllers\\conf_controller.php(7): data\\ConferenceData->create()\n#1 {main}\n  thrown in C:\\localhost\\models\\conference_data.php on line 79
[Fri Sep 02 16:27:22.580335 2022] [php:error] [pid 17180:tid 1116] [client ::1:63465] PHP Fatal error:  Uncaught Error: Class "data\\PDO" not found in C:\\localhost\\models\\conference_data.php:79\nStack trace:\n#0 C:\\localhost\\controllers\\conf_controller.php(7): data\\ConferenceData->create()\n#1 {main}\n  thrown in C:\\localhost\\models\\conference_data.php on line 79
[Fri Sep 02 16:27:23.243602 2022] [php:error] [pid 17180:tid 1116] [client ::1:63465] PHP Fatal error:  Uncaught Error: Class "data\\PDO" not found in C:\\localhost\\models\\conference_data.php:79\nStack trace:\n#0 C:\\localhost\\controllers\\conf_controller.php(7): data\\ConferenceData->create()\n#1 {main}\n  thrown in C:\\localhost\\models\\conference_data.php on line 79
[Fri Sep 02 16:27:23.501965 2022] [php:error] [pid 17180:tid 1116] [client ::1:63465] PHP Fatal error:  Uncaught Error: Class "data\\PDO" not found in C:\\localhost\\models\\conference_data.php:79\nStack trace:\n#0 C:\\localhost\\controllers\\conf_controller.php(7): data\\ConferenceData->create()\n#1 {main}\n  thrown in C:\\localhost\\models\\conference_data.php on line 79
[Fri Sep 02 16:36:45.023097 2022] [php:error] [pid 17180:tid 1136] [client ::1:63500] PHP Fatal error:  Uncaught Error: Class "config\\DBInfo" not found in C:\\localhost\\models\\conference_data.php:9\nStack trace:\n#0 C:\\localhost\\controllers\\conf_controller.php(4): require_once()\n#1 {main}\n  thrown in C:\\localhost\\models\\conference_data.php on line 9
[Fri Sep 02 16:37:27.622376 2022] [php:warn] [pid 17180:tid 1116] [client ::1:63501] PHP Warning:  Undefined variable $conn in C:\\localhost\\config\\dbinfo.php on line 21
[Fri Sep 02 16:37:27.622376 2022] [php:error] [pid 17180:tid 1116] [client ::1:63501] PHP Fatal error:  Uncaught Error: Call to a member function exec() on null in C:\\localhost\\models\\conference_data.php:79\nStack trace:\n#0 C:\\localhost\\controllers\\conf_controller.php(6): data\\ConferenceData->create()\n#1 {main}\n  thrown in C:\\localhost\\models\\conference_data.php on line 79
[Fri Sep 02 16:38:09.461221 2022] [php:warn] [pid 17180:tid 1136] [client ::1:63502] PHP Warning:  Undefined variable $conn in C:\\localhost\\config\\dbinfo.php on line 21
[Fri Sep 02 16:38:09.461221 2022] [php:error] [pid 17180:tid 1136] [client ::1:63502] PHP Fatal error:  Uncaught Error: Call to a member function exec() on null in C:\\localhost\\models\\conference_data.php:79\nStack trace:\n#0 C:\\localhost\\controllers\\conf_controller.php(6): data\\ConferenceData->create()\n#1 {main}\n  thrown in C:\\localhost\\models\\conference_data.php on line 79
[Fri Sep 02 16:38:10.554592 2022] [php:warn] [pid 17180:tid 1136] [client ::1:63502] PHP Warning:  Undefined variable $conn in C:\\localhost\\config\\dbinfo.php on line 21
[Fri Sep 02 16:38:10.554592 2022] [php:error] [pid 17180:tid 1136] [client ::1:63502] PHP Fatal error:  Uncaught Error: Call to a member function exec() on null in C:\\localhost\\models\\conference_data.php:79\nStack trace:\n#0 C:\\localhost\\controllers\\conf_controller.php(6): data\\ConferenceData->create()\n#1 {main}\n  thrown in C:\\localhost\\models\\conference_data.php on line 79
[Fri Sep 02 16:38:44.305412 2022] [php:warn] [pid 17180:tid 1116] [client ::1:63506] PHP Warning:  Undefined variable $conn in C:\\localhost\\config\\dbinfo.php on line 22
[Fri Sep 02 16:38:44.305412 2022] [php:error] [pid 17180:tid 1116] [client ::1:63506] PHP Fatal error:  Uncaught Error: Call to a member function exec() on null in C:\\localhost\\models\\conference_data.php:79\nStack trace:\n#0 C:\\localhost\\controllers\\conf_controller.php(6): data\\ConferenceData->create()\n#1 {main}\n  thrown in C:\\localhost\\models\\conference_data.php on line 79
[Fri Sep 02 18:00:51.271561 2022] [php:error] [pid 17180:tid 1136] [client ::1:55055] script 'C:/localhost/pages/main.php' not found or unable to stat, referer: http://localhost/pages/creation.php
[Fri Sep 02 18:01:14.214179 2022] [php:error] [pid 17180:tid 1116] [client ::1:55056] script 'C:/localhost/pages/main.php' not found or unable to stat, referer: http://localhost/pages/creation.php
[Fri Sep 02 18:01:15.861093 2022] [php:error] [pid 17180:tid 1116] [client ::1:55056] script 'C:/localhost/pages/main.php' not found or unable to stat, referer: http://localhost/pages/creation.php
[Fri Sep 02 18:17:47.251289 2022] [php:error] [pid 17180:tid 1136] [client ::1:55138] PHP Fatal error:  Uncaught PDOException: SQLSTATE[42000]: Syntax error or access violation: 1064 You have an error in your SQL syntax; check the manual that corresponds to your MySQL server version for the right syntax to use near ')' at line 1 in C:\\localhost\\models\\conference_data.php:72\nStack trace:\n#0 C:\\localhost\\models\\conference_data.php(72): PDO->exec('INSERT INTO Con...')\n#1 C:\\localhost\\controllers\\conf_controller.php(17): data\\ConferenceData->create()\n#2 {main}\n  thrown in C:\\localhost\\models\\conference_data.php on line 72, referer: http://localhost/pages/creation.php
[Fri Sep 02 18:28:29.461471 2022] [php:warn] [pid 17180:tid 1116] [client ::1:55190] PHP Warning:  Undefined array key "country" in C:\\localhost\\controllers\\conf_controller.php on line 18, referer: http://localhost/pages/creation.php
[Fri Sep 02 18:28:29.461471 2022] [php:notice] [pid 17180:tid 1116] [client ::1:55190] PHP Deprecated:  htmlentities(): Passing null to parameter #1 ($string) of type string is deprecated in C:\\localhost\\controllers\\conf_controller.php on line 18, referer: http://localhost/pages/creation.php
[Fri Sep 02 18:29:04.717681 2022] [php:warn] [pid 17180:tid 1116] [client ::1:55194] PHP Warning:  Undefined array key "country" in C:\\localhost\\controllers\\conf_controller.php on line 18, referer: http://localhost/pages/creation.php
[Fri Sep 02 18:29:04.717681 2022] [php:notice] [pid 17180:tid 1116] [client ::1:55194] PHP Deprecated:  htmlentities(): Passing null to parameter #1 ($string) of type string is deprecated in C:\\localhost\\controllers\\conf_controller.php on line 18, referer: http://localhost/pages/creation.php
[Fri Sep 02 19:08:37.227462 2022] [php:error] [pid 17180:tid 1116] [client ::1:55675] PHP Fatal error:  Uncaught Error: Object of class PDOStatement could not be converted to string in C:\\localhost\\controllers\\read_controller.php:12\nStack trace:\n#0 {main}\n  thrown in C:\\localhost\\controllers\\read_controller.php on line 12, referer: http://localhost/
[Fri Sep 02 19:16:25.848576 2022] [php:warn] [pid 17180:tid 1136] [client ::1:55923] PHP Warning:  Undefined array key "title" in C:\\localhost\\models\\conference_data.php on line 82, referer: http://localhost/
[Fri Sep 02 19:16:41.234007 2022] [php:warn] [pid 17180:tid 1116] [client ::1:55924] PHP Warning:  Undefined array key "title" in C:\\localhost\\models\\conference_data.php on line 82, referer: http://localhost/
[Fri Sep 02 19:16:42.134925 2022] [php:warn] [pid 17180:tid 1116] [client ::1:55924] PHP Warning:  Undefined array key "title" in C:\\localhost\\models\\conference_data.php on line 82, referer: http://localhost/
[Fri Sep 02 19:19:08.596943 2022] [php:error] [pid 17180:tid 1136] [client ::1:56002] PHP Fatal error:  Uncaught Error: Undefined constant "data\\i" in C:\\localhost\\models\\conference_data.php:83\nStack trace:\n#0 C:\\localhost\\controllers\\read_controller.php(8): data\\ConferenceData->read()\n#1 {main}\n  thrown in C:\\localhost\\models\\conference_data.php on line 83, referer: http://localhost/
[Fri Sep 02 19:21:26.505589 2022] [php:error] [pid 17180:tid 1116] [client ::1:56077] PHP Fatal error:  Uncaught Error: Undefined constant "data\\i" in C:\\localhost\\models\\conference_data.php:83\nStack trace:\n#0 C:\\localhost\\controllers\\read_controller.php(8): data\\ConferenceData->read()\n#1 {main}\n  thrown in C:\\localhost\\models\\conference_data.php on line 83, referer: http://localhost/
[Fri Sep 02 19:21:27.265621 2022] [php:error] [pid 17180:tid 1116] [client ::1:56077] PHP Fatal error:  Uncaught Error: Undefined constant "data\\i" in C:\\localhost\\models\\conference_data.php:83\nStack trace:\n#0 C:\\localhost\\controllers\\read_controller.php(8): data\\ConferenceData->read()\n#1 {main}\n  thrown in C:\\localhost\\models\\conference_data.php on line 83, referer: http://localhost/
[Fri Sep 02 19:21:27.615262 2022] [php:error] [pid 17180:tid 1116] [client ::1:56077] PHP Fatal error:  Uncaught Error: Undefined constant "data\\i" in C:\\localhost\\models\\conference_data.php:83\nStack trace:\n#0 C:\\localhost\\controllers\\read_controller.php(8): data\\ConferenceData->read()\n#1 {main}\n  thrown in C:\\localhost\\models\\conference_data.php on line 83, referer: http://localhost/
[Fri Sep 02 19:22:16.818499 2022] [php:error] [pid 17180:tid 1136] [client ::1:56078] PHP Fatal error:  Uncaught Error: Undefined constant "data\\i" in C:\\localhost\\models\\conference_data.php:83\nStack trace:\n#0 C:\\localhost\\controllers\\read_controller.php(8): data\\ConferenceData->read()\n#1 {main}\n  thrown in C:\\localhost\\models\\conference_data.php on line 83, referer: http://localhost/
[Fri Sep 02 19:22:17.558875 2022] [php:error] [pid 17180:tid 1136] [client ::1:56078] PHP Fatal error:  Uncaught Error: Undefined constant "data\\i" in C:\\localhost\\models\\conference_data.php:83\nStack trace:\n#0 C:\\localhost\\controllers\\read_controller.php(8): data\\ConferenceData->read()\n#1 {main}\n  thrown in C:\\localhost\\models\\conference_data.php on line 83, referer: http://localhost/
[Fri Sep 02 19:22:17.931855 2022] [php:error] [pid 17180:tid 1136] [client ::1:56078] PHP Fatal error:  Uncaught Error: Undefined constant "data\\i" in C:\\localhost\\models\\conference_data.php:83\nStack trace:\n#0 C:\\localhost\\controllers\\read_controller.php(8): data\\ConferenceData->read()\n#1 {main}\n  thrown in C:\\localhost\\models\\conference_data.php on line 83, referer: http://localhost/
[Fri Sep 02 19:22:18.211552 2022] [php:error] [pid 17180:tid 1136] [client ::1:56078] PHP Fatal error:  Uncaught Error: Undefined constant "data\\i" in C:\\localhost\\models\\conference_data.php:83\nStack trace:\n#0 C:\\localhost\\controllers\\read_controller.php(8): data\\ConferenceData->read()\n#1 {main}\n  thrown in C:\\localhost\\models\\conference_data.php on line 83, referer: http://localhost/
[Fri Sep 02 19:23:45.540102 2022] [php:error] [pid 17180:tid 1116] [client ::1:56167] PHP Fatal error:  Uncaught Error: Undefined constant "data\\i" in C:\\localhost\\models\\conference_data.php:83\nStack trace:\n#0 C:\\localhost\\controllers\\read_controller.php(8): data\\ConferenceData->read()\n#1 {main}\n  thrown in C:\\localhost\\models\\conference_data.php on line 83, referer: http://localhost/
[Fri Sep 02 19:23:46.779939 2022] [php:error] [pid 17180:tid 1116] [client ::1:56167] PHP Fatal error:  Uncaught Error: Undefined constant "data\\i" in C:\\localhost\\models\\conference_data.php:83\nStack trace:\n#0 C:\\localhost\\controllers\\read_controller.php(8): data\\ConferenceData->read()\n#1 {main}\n  thrown in C:\\localhost\\models\\conference_data.php on line 83, referer: http://localhost/
[Fri Sep 02 19:23:48.602423 2022] [php:error] [pid 17180:tid 1116] [client ::1:56167] PHP Fatal error:  Uncaught Error: Undefined constant "data\\i" in C:\\localhost\\models\\conference_data.php:83\nStack trace:\n#0 C:\\localhost\\controllers\\read_controller.php(8): data\\ConferenceData->read()\n#1 {main}\n  thrown in C:\\localhost\\models\\conference_data.php on line 83, referer: http://localhost/
[Fri Sep 02 19:26:07.879548 2022] [php:error] [pid 17180:tid 1136] [client ::1:56183] PHP Fatal error:  Uncaught Error: Undefined constant "data\\i" in C:\\localhost\\models\\conference_data.php:83\nStack trace:\n#0 C:\\localhost\\controllers\\read_controller.php(8): data\\ConferenceData->read()\n#1 {main}\n  thrown in C:\\localhost\\models\\conference_data.php on line 83
[Fri Sep 02 19:28:10.067607 2022] [php:warn] [pid 17180:tid 1116] [client ::1:56188] PHP Warning:  Undefined array key "title" in C:\\localhost\\models\\conference_data.php on line 82
[Fri Sep 02 19:28:29.796166 2022] [php:warn] [pid 17180:tid 1136] [client ::1:56190] PHP Warning:  Undefined array key "name" in C:\\localhost\\models\\conference_data.php on line 82
[Fri Sep 02 20:07:12.539239 2022] [php:warn] [pid 17180:tid 1136] [client ::1:56957] PHP Warning:  Undefined array key "country" in C:\\localhost\\controllers\\conf_controller.php on line 18, referer: http://localhost/pages/creation.php
[Fri Sep 02 20:07:12.540263 2022] [php:notice] [pid 17180:tid 1136] [client ::1:56957] PHP Deprecated:  htmlentities(): Passing null to parameter #1 ($string) of type string is deprecated in C:\\localhost\\controllers\\conf_controller.php on line 18, referer: http://localhost/pages/creation.php
[Fri Sep 02 20:08:45.705873 2022] [php:error] [pid 17180:tid 1116] [client ::1:56974] PHP Parse error:  syntax error, unexpected token "return" in C:\\localhost\\models\\conference_data.php on line 80, referer: http://localhost/
[Fri Sep 02 20:57:35.652904 2022] [mpm_winnt:notice] [pid 6628:tid 400] AH00422: Parent: Received shutdown signal -- Shutting down the server.
[Fri Sep 02 20:58:05.411939 2022] [mpm_winnt:notice] [pid 17180:tid 416] AH00364: Child: All worker threads have exited.
[Fri Sep 02 20:58:05.456428 2022] [mpm_winnt:notice] [pid 6628:tid 400] AH00430: Parent: Child process 17180 exited successfully.
[Fri Sep 02 20:58:06.101485 2022] [mpm_winnt:notice] [pid 14236:tid 384] AH00455: Apache/2.4.54 (Win64) PHP/8.1.9 configured -- resuming normal operations
[Fri Sep 02 20:58:06.102485 2022] [mpm_winnt:notice] [pid 14236:tid 384] AH00456: Apache Lounge VS16 Server built: Jun 22 2022 09:58:15
[Fri Sep 02 20:58:06.102485 2022] [core:notice] [pid 14236:tid 384] AH00094: Command line: 'C:\\Apache24\\bin\\httpd.exe -d C:/Apache24'
[Fri Sep 02 20:58:06.114222 2022] [mpm_winnt:notice] [pid 14236:tid 384] AH00418: Parent: Created child process 12504
[Fri Sep 02 20:58:06.361708 2022] [mpm_winnt:notice] [pid 12504:tid 424] AH00354: Child: Starting 64 worker threads.
[Fri Sep 02 21:02:12.356676 2022] [php:warn] [pid 12504:tid 1116] [client ::1:54714] PHP Warning:  Undefined array key "country" in C:\\localhost\\controllers\\conf_controller.php on line 18, referer: http://localhost/pages/creation.php
[Fri Sep 02 21:02:12.356676 2022] [php:notice] [pid 12504:tid 1116] [client ::1:54714] PHP Deprecated:  htmlentities(): Passing null to parameter #1 ($string) of type string is deprecated in C:\\localhost\\controllers\\conf_controller.php on line 18, referer: http://localhost/pages/creation.php
[Fri Sep 02 23:08:46.203256 2022] [php:warn] [pid 12504:tid 1144] [client ::1:56580] PHP Warning:  Undefined array key "body" in C:\\localhost\\controllers\\delete_controller.php on line 10, referer: http://localhost/
[Fri Sep 02 23:43:58.607711 2022] [php:warn] [pid 12504:tid 1116] [client ::1:57410] PHP Warning:  Undefined array key "country" in C:\\localhost\\controllers\\conf_controller.php on line 18, referer: http://localhost/pages/creation.php
[Fri Sep 02 23:43:58.607711 2022] [php:notice] [pid 12504:tid 1116] [client ::1:57410] PHP Deprecated:  htmlentities(): Passing null to parameter #1 ($string) of type string is deprecated in C:\\localhost\\controllers\\conf_controller.php on line 18, referer: http://localhost/pages/creation.php
[Sat Sep 03 17:09:37.726506 2022] [php:error] [pid 12504:tid 1144] [client ::1:58098] script 'C:/localhost/details.php' not found or unable to stat
[Sat Sep 03 17:44:48.347704 2022] [php:error] [pid 12504:tid 1116] [client ::1:58359] PHP Parse error:  syntax error, unexpected token "{" in C:\\localhost\\controllers\\read_controller.php on line 8, referer: http://localhost/
[Sat Sep 03 17:44:49.845885 2022] [php:error] [pid 12504:tid 1116] [client ::1:58359] PHP Parse error:  syntax error, unexpected token "{" in C:\\localhost\\controllers\\read_controller.php on line 8, referer: http://localhost/
[Sat Sep 03 17:46:28.321451 2022] [php:error] [pid 12504:tid 1116] [client ::1:58366] PHP Parse error:  syntax error, unexpected token "{" in C:\\localhost\\controllers\\read_controller.php on line 8, referer: http://localhost/
[Sat Sep 03 17:46:28.986242 2022] [php:error] [pid 12504:tid 1116] [client ::1:58366] PHP Parse error:  syntax error, unexpected token "{" in C:\\localhost\\controllers\\read_controller.php on line 8, referer: http://localhost/
[Sat Sep 03 17:51:53.047865 2022] [php:error] [pid 12504:tid 1116] [client ::1:58486] PHP Fatal error:  Uncaught Error: Call to undefined method data\\ConferenceData::detail() in C:\\localhost\\controllers\\details_controller.php:9\nStack trace:\n#0 {main}\n  thrown in C:\\localhost\\controllers\\details_controller.php on line 9, referer: http://localhost/
[Sun Sep 04 18:55:52.826951 2022] [mpm_winnt:notice] [pid 14236:tid 384] AH00422: Parent: Received shutdown signal -- Shutting down the server.
[Sun Sep 04 18:56:22.836158 2022] [mpm_winnt:notice] [pid 14236:tid 384] AH00431: Parent: Forcing termination of child process 12504
[Sun Sep 04 18:56:24.074764 2022] [mpm_winnt:notice] [pid 8484:tid 408] AH00455: Apache/2.4.54 (Win64) PHP/8.1.9 configured -- resuming normal operations
[Sun Sep 04 18:56:24.074764 2022] [mpm_winnt:notice] [pid 8484:tid 408] AH00456: Apache Lounge VS16 Server built: Jun 22 2022 09:58:15
[Sun Sep 04 18:56:24.074764 2022] [core:notice] [pid 8484:tid 408] AH00094: Command line: 'C:\\Apache24\\bin\\httpd.exe -d C:/Apache24'
[Sun Sep 04 18:56:24.087967 2022] [mpm_winnt:notice] [pid 8484:tid 408] AH00418: Parent: Created child process 17564
[Sun Sep 04 18:56:24.433342 2022] [mpm_winnt:notice] [pid 17564:tid 424] AH00354: Child: Starting 64 worker threads.
[Sun Sep 04 19:06:02.014293 2022] [mpm_winnt:notice] [pid 8484:tid 408] AH00422: Parent: Received shutdown signal -- Shutting down the server.
[Sun Sep 04 19:06:04.037718 2022] [mpm_winnt:notice] [pid 17564:tid 424] AH00364: Child: All worker threads have exited.
[Sun Sep 04 19:06:04.053363 2022] [mpm_winnt:notice] [pid 8484:tid 408] AH00430: Parent: Child process 17564 exited successfully.
[Sun Sep 04 19:06:35.254726 2022] [mpm_winnt:notice] [pid 4504:tid 388] AH00455: Apache/2.4.54 (Win64) PHP/8.1.9 configured -- resuming normal operations
[Sun Sep 04 19:06:35.254726 2022] [mpm_winnt:notice] [pid 4504:tid 388] AH00456: Apache Lounge VS16 Server built: Jun 22 2022 09:58:15
[Sun Sep 04 19:06:35.254726 2022] [core:notice] [pid 4504:tid 388] AH00094: Command line: 'C:\\Apache24\\bin\\httpd.exe -d C:/Apache24'
[Sun Sep 04 19:06:35.254726 2022] [mpm_winnt:notice] [pid 4504:tid 388] AH00418: Parent: Created child process 7412
[Sun Sep 04 19:06:35.641752 2022] [mpm_winnt:notice] [pid 7412:tid 408] AH00354: Child: Starting 64 worker threads.
[Sun Sep 04 23:46:39.401248 2022] [php:warn] [pid 7412:tid 1112] [client ::1:57964] PHP Warning:  Undefined array key "id" in C:\\localhost\\controllers\\update_controller.php on line 21, referer: http://localhost/pages/edit.php?id=43&address=55.5019290839105,%2037.798766248689276
[Sun Sep 04 23:46:39.407262 2022] [php:error] [pid 7412:tid 1112] [client ::1:57964] PHP Fatal error:  Uncaught TypeError: data\\ConferenceData::update(): Argument #1 ($id) must be of type int, null given, called in C:\\localhost\\controllers\\update_controller.php on line 22 and defined in C:\\localhost\\models\\conference_data.php:94\nStack trace:\n#0 C:\\localhost\\controllers\\update_controller.php(22): data\\ConferenceData->update(NULL)\n#1 {main}\n  thrown in C:\\localhost\\models\\conference_data.php on line 94, referer: http://localhost/pages/edit.php?id=43&address=55.5019290839105,%2037.798766248689276
[Sun Sep 04 23:47:00.825511 2022] [php:warn] [pid 7412:tid 1136] [client ::1:57966] PHP Warning:  Undefined array key "id" in C:\\localhost\\controllers\\update_controller.php on line 21, referer: http://localhost/pages/edit.php?id=43&address=55.5019290839105,%2037.798766248689276
[Sun Sep 04 23:47:00.825511 2022] [php:error] [pid 7412:tid 1136] [client ::1:57966] PHP Fatal error:  Uncaught TypeError: data\\ConferenceData::update(): Argument #1 ($id) must be of type int, null given, called in C:\\localhost\\controllers\\update_controller.php on line 22 and defined in C:\\localhost\\models\\conference_data.php:94\nStack trace:\n#0 C:\\localhost\\controllers\\update_controller.php(22): data\\ConferenceData->update(NULL)\n#1 {main}\n  thrown in C:\\localhost\\models\\conference_data.php on line 94, referer: http://localhost/pages/edit.php?id=43&address=55.5019290839105,%2037.798766248689276
[Mon Sep 05 11:23:23.386025 2022] [php:error] [pid 7412:tid 1136] [client ::1:65220] PHP Fatal error:  Uncaught PDOException: SQLSTATE[22007]: Invalid datetime format: 1292 Incorrect date value: '' for column 'MeetingDate' at row 1 in C:\\localhost\\models\\conference_data.php:73\nStack trace:\n#0 C:\\localhost\\models\\conference_data.php(73): PDO->exec('INSERT INTO Con...')\n#1 C:\\localhost\\controllers\\create_controller.php(24): data\\ConferenceData->create()\n#2 {main}\n  thrown in C:\\localhost\\models\\conference_data.php on line 73, referer: http://localhost/pages/creation.php
[Mon Sep 05 11:29:39.612445 2022] [php:error] [pid 7412:tid 1112] [client ::1:65260] PHP Fatal error:  Uncaught PDOException: SQLSTATE[22007]: Invalid datetime format: 1292 Incorrect date value: '' for column 'MeetingDate' at row 1 in C:\\localhost\\models\\conference_data.php:73\nStack trace:\n#0 C:\\localhost\\models\\conference_data.php(73): PDO->exec('INSERT INTO Con...')\n#1 C:\\localhost\\controllers\\create_controller.php(24): data\\ConferenceData->create()\n#2 {main}\n  thrown in C:\\localhost\\models\\conference_data.php on line 73, referer: http://localhost/pages/creation.php
[Mon Sep 05 11:30:11.709098 2022] [php:error] [pid 7412:tid 1112] [client ::1:65265] PHP Fatal error:  Uncaught PDOException: SQLSTATE[22007]: Invalid datetime format: 1292 Incorrect date value: '' for column 'MeetingDate' at row 1 in C:\\localhost\\models\\conference_data.php:73\nStack trace:\n#0 C:\\localhost\\models\\conference_data.php(73): PDO->exec('INSERT INTO Con...')\n#1 C:\\localhost\\controllers\\create_controller.php(24): data\\ConferenceData->create()\n#2 {main}\n  thrown in C:\\localhost\\models\\conference_data.php on line 73, referer: http://localhost/pages/creation.php
[Mon Sep 05 12:14:16.244310 2022] [php:error] [pid 7412:tid 1112] [client ::1:62595] script 'C:/localhost/controllers/countries_controller.php' not found or unable to stat, referer: http://localhost/
[Mon Sep 05 12:14:16.246310 2022] [php:error] [pid 7412:tid 1136] [client ::1:62594] PHP Parse error:  syntax error, unexpected token ";", expecting ")" in C:\\localhost\\models\\conference_data.php on line 120, referer: http://localhost/
[Mon Sep 05 12:14:22.750064 2022] [php:error] [pid 7412:tid 1136] [client ::1:62597] PHP Parse error:  syntax error, unexpected token ";", expecting ")" in C:\\localhost\\models\\conference_data.php on line 120, referer: http://localhost/
[Mon Sep 05 12:14:23.332254 2022] [php:error] [pid 7412:tid 1136] [client ::1:62597] PHP Parse error:  syntax error, unexpected token ";", expecting ")" in C:\\localhost\\models\\conference_data.php on line 120, referer: http://localhost/
[Mon Sep 05 12:14:23.755581 2022] [php:error] [pid 7412:tid 1136] [client ::1:62597] PHP Parse error:  syntax error, unexpected token ";", expecting ")" in C:\\localhost\\models\\conference_data.php on line 120, referer: http://localhost/
[Mon Sep 05 12:14:43.035333 2022] [php:error] [pid 7412:tid 1112] [client ::1:62598] PHP Parse error:  syntax error, unexpected token ";", expecting ")" in C:\\localhost\\models\\conference_data.php on line 120, referer: http://localhost/
[Mon Sep 05 12:33:10.650223 2022] [mpm_winnt:notice] [pid 4504:tid 388] AH00422: Parent: Received shutdown signal -- Shutting down the server.
[Mon Sep 05 12:33:40.665514 2022] [mpm_winnt:notice] [pid 4504:tid 388] AH00431: Parent: Forcing termination of child process 7412
[Mon Sep 05 12:33:41.865891 2022] [mpm_winnt:notice] [pid 2328:tid 400] AH00455: Apache/2.4.54 (Win64) PHP/8.1.9 configured -- resuming normal operations
[Mon Sep 05 12:33:41.865891 2022] [mpm_winnt:notice] [pid 2328:tid 400] AH00456: Apache Lounge VS16 Server built: Jun 22 2022 09:58:15
[Mon Sep 05 12:33:41.865891 2022] [core:notice] [pid 2328:tid 400] AH00094: Command line: 'C:\\Apache24\\bin\\httpd.exe -d C:/Apache24'
[Mon Sep 05 12:33:41.878306 2022] [mpm_winnt:notice] [pid 2328:tid 400] AH00418: Parent: Created child process 1480
[Mon Sep 05 12:33:42.120910 2022] [mpm_winnt:notice] [pid 1480:tid 416] AH00354: Child: Starting 64 worker threads.
[Mon Sep 05 15:12:00.194452 2022] [php:error] [pid 1480:tid 1144] [client ::1:58104] script 'C:/localhost/details.php' not found or unable to stat, referer: http://localhost/pages/edit.php?id=65&address=
